Command line:
   blink_top_isim_beh.exe
     -simmode  gui
     -simrunnum  0
     -socket  38959

Fri Feb  2 15:15:33 2024


 Elaboration Time: 0.02 sec

 Current Memory Usage: 183.362 Meg

 Total Signals          : 15
 Total Nets             : 15
 Total Signal Drivers   : 7
 Total Blocks           : 3
 Total Primitive Blocks : 2
 Total Processes        : 12
 Total Traceable Variables  : 22
 Total Scalar Nets and Variables : 161
Total Line Count : 35

 Total Simulation Time: 0.04 sec

 Current Memory Usage: 258.863 Meg

Fri Feb  2 15:15:50 2024

