
****** PlanAhead v14.7 (64-bit)
  **** Build 321239 by xbuild on Fri Sep 27 19:24:36 MDT 2013
    ** Copyright 1986-1999, 2001-2013 Xilinx, Inc. All Rights Reserved.

INFO: [Common 17-78] Attempting to get a license: PlanAhead
INFO: [Common 17-290] Got license for PlanAhead
INFO: [Device 21-36] Loading parts and site information from /opt/Xilinx/14.7/ISE_DS/PlanAhead/data/parts/arch.xml
Parsing RTL primitives file [/opt/Xilinx/14.7/ISE_DS/PlanAhead/data/parts/xilinx/rtl/prims/rtl_prims.xml]
Finished parsing RTL primitives file [/opt/Xilinx/14.7/ISE_DS/PlanAhead/data/parts/xilinx/rtl/prims/rtl_prims.xml]
start_gui
source {/media/aditikh22/HP USB20FD/CS220/Lab3_3/fiveadder/pa.fromHdl.tcl}
# create_project -name fiveadder -dir "/media/aditikh22/HP USB20FD/CS220/Lab3_3/fiveadder/planAhead_run_2" -part xc3s500efg320-4
create_project: Time (s): cpu = 00:00:09 ; elapsed = 00:00:08 . Memory (MB): peak = 2737.105 ; gain = 20.109
# set_param project.pinAheadLayout yes
# set srcset [get_property srcset [current_run -impl]]
# set_property target_constrs_file "fiveadder.ucf" [current_fileset -constrset]
Adding file '/media/aditikh22/HP USB20FD/CS220/Lab3_3/fiveadder/fiveadder.ucf' to fileset 'constrs_1'
# set hdlfile [add_files [list {fiveadder.v}]]
# set_property file_type Verilog $hdlfile
# set_property library work $hdlfile
# set_property top fiveadder $srcset
# add_files [list {fiveadder.ucf}] -fileset [get_property constrset [current_run]]
# open_rtl_design -part xc3s500efg320-4
Using Verific elaboration
Parsing VHDL file "/opt/Xilinx/14.7/ISE_DS/PlanAhead/data/parts/xilinx/rtl/lib/synplify/synattr.vhd" into library synplify
Analyzing Verilog file "/media/aditikh22/HP USB20FD/CS220/Lab3_3/fiveadder/fiveadder.v" into library work
INFO: [Designutils 20-910] Reading macro library /opt/Xilinx/14.7/ISE_DS/PlanAhead/data/./parts/xilinx/spartan3e/spartan3e/hd_int_macros.edn
Parsing EDIF File [/opt/Xilinx/14.7/ISE_DS/PlanAhead/data/./parts/xilinx/spartan3e/spartan3e/hd_int_macros.edn]
Finished Parsing EDIF File [/opt/Xilinx/14.7/ISE_DS/PlanAhead/data/./parts/xilinx/spartan3e/spartan3e/hd_int_macros.edn]
Loading clock regions from /opt/Xilinx/14.7/ISE_DS/PlanAhead/data/parts/xilinx/spartan3e/spartan3e/xc3s500e/ClockRegion.xml
Loading clock buffers from /opt/Xilinx/14.7/ISE_DS/PlanAhead/data/parts/xilinx/spartan3e/spartan3e/xc3s500e/ClockBuffers.xml
Loading package from /opt/Xilinx/14.7/ISE_DS/PlanAhead/data/parts/xilinx/spartan3e/spartan3e/xc3s500e/fg320/Package.xml
Loading io standards from /opt/Xilinx/14.7/ISE_DS/PlanAhead/data/./parts/xilinx/spartan3e/IOStandards.xml
INFO: [Device 21-19] Loading pkg sso from /opt/Xilinx/14.7/ISE_DS/PlanAhead/data/parts/xilinx/spartan3e/spartan3e/xc3s500e/fg320/SSORules.xml
Loading list of drcs for the architecture : /opt/Xilinx/14.7/ISE_DS/PlanAhead/data/./parts/xilinx/spartan3e/spartan3e/drc.xml
INFO: [Timing 38-77] Reading timing library /opt/Xilinx/14.7/ISE_DS/PlanAhead/data/parts/xilinx/spartan3e/spartan3e/spartan3e-4.lib.
INFO: [Timing 38-34] Done reading timing library /opt/Xilinx/14.7/ISE_DS/PlanAhead/data/parts/xilinx/spartan3e/spartan3e/spartan3e-4.lib.
Parsing UCF File [/media/aditikh22/HP USB20FD/CS220/Lab3_3/fiveadder/fiveadder.ucf]
Finished Parsing UCF File [/media/aditikh22/HP USB20FD/CS220/Lab3_3/fiveadder/fiveadder.ucf]
INFO: [Project 1-111] Unisim Transformation Summary:
No Unisim elements were transformed.

Phase 0 | Netlist Checksum: 56c9ff82
open_rtl_design: Time (s): cpu = 00:00:20 ; elapsed = 00:00:09 . Memory (MB): peak = 2867.090 ; gain = 124.008
update_compile_order -fileset sim_1
startgroup
set_property package_pin V16 [get_ports ROT_SWITCH]
endgroup
set_property iostandard LVTTL [get_ports [list PB1]]
set_property iostandard LVTTL [get_ports [list PB2]]
set_property iostandard LVTTL [get_ports [list PB3]]
set_property iostandard LVTTL [get_ports [list PB4]]
set_property pulltype PULLDOWN [get_ports [list PB1]]
set_property pulltype PULLDOWN [get_ports [list PB2]]
set_property pulltype PULLDOWN [get_ports [list PB3]]
set_property pulltype PULLDOWN [get_ports [list PB4]]
set_property pulltype PULLUP [get_ports [list {t[3]} {t[2]} {t[1]} {t[0]}]]
set_property pulltype PULLDOWN [get_ports [list ROT_SWITCH]]
set_property iostandard LVTTL [get_ports [list ROT_SWITCH]]
save_constraints
exit
ERROR: [Common 17-39] 'stop_gui' failed due to earlier errors.
INFO: [Common 17-206] Exiting PlanAhead at Wed Jan 31 16:19:31 2024...
INFO: [Common 17-83] Releasing license: PlanAhead
