Command line:
   two_bit_adder_top_isim_beh.exe
     -simmode  gui
     -simrunnum  0
     -socket  57053

Wed Jan 24 14:23:16 2024


 Elaboration Time: 0.02 sec

 Current Memory Usage: 185.315 Meg

 Total Signals          : 32
 Total Nets             : 55
 Total Signal Drivers   : 12
 Total Blocks           : 5
 Total Primitive Blocks : 3
 Total Processes        : 15
 Total Traceable Variables  : 20
 Total Scalar Nets and Variables : 139
Total Line Count : 30

 Total Simulation Time: 0.03 sec

 Current Memory Usage: 260.817 Meg

Wed Jan 24 14:24:04 2024

