#-----------------------------------------------------------
# PlanAhead v14.7 (64-bit)
# Build 321239 by xbuild on Fri Sep 27 19:24:36 MDT 2013
# Start of session at: Wed Apr  3 09:37:27 2024
# Process ID: 484083
# Log file: /users/btech/kushagrasrivastava/simple_processor/planAhead_run_1/planAhead.log
# Journal file: /users/btech/kushagrasrivastava/simple_processor/planAhead_run_1/planAhead.jou
#-----------------------------------------------------------
INFO: [Common 17-78] Attempting to get a license: PlanAhead
INFO: [Common 17-290] Got license for PlanAhead
INFO: [Device 21-36] Loading parts and site information from /opt/Xilinx/14.7/ISE_DS/PlanAhead/data/parts/arch.xml
Parsing RTL primitives file [/opt/Xilinx/14.7/ISE_DS/PlanAhead/data/parts/xilinx/rtl/prims/rtl_prims.xml]
Finished parsing RTL primitives file [/opt/Xilinx/14.7/ISE_DS/PlanAhead/data/parts/xilinx/rtl/prims/rtl_prims.xml]
start_gui
source /users/btech/kushagrasrivastava/simple_processor/pa.fromHdl.tcl
# create_project -name simple_processor -dir "/users/btech/kushagrasrivastava/simple_processor/planAhead_run_1" -part xc3s500efg320-4
# set_param project.pinAheadLayout yes
# set srcset [get_property srcset [current_run -impl]]
# set_property target_constrs_file "top.ucf" [current_fileset -constrset]
Adding file '/users/btech/kushagrasrivastava/simple_processor/top.ucf' to fileset 'constrs_1'
# set hdlfile [add_files [list {onebitcomp.v}]]
# set_property file_type Verilog $hdlfile
# set_property library work $hdlfile
# set hdlfile [add_files [list {rotary.v}]]
# set_property file_type Verilog $hdlfile
# set_property library work $hdlfile
# set hdlfile [add_files [list {eight_bit_comparator.v}]]
# set_property file_type Verilog $hdlfile
# set_property library work $hdlfile
# set hdlfile [add_files [list {display.v}]]
# set_property file_type Verilog $hdlfile
# set_property library work $hdlfile
# set hdlfile [add_files [list {top.v}]]
# set_property file_type Verilog $hdlfile
# set_property library work $hdlfile
# set_property top top $srcset
# add_files [list {top.ucf}] -fileset [get_property constrset [current_run]]
# open_rtl_design -part xc3s500efg320-4
Using Verific elaboration
Parsing VHDL file "/opt/Xilinx/14.7/ISE_DS/PlanAhead/data/parts/xilinx/rtl/lib/synplify/synattr.vhd" into library synplify
Analyzing Verilog file "/users/btech/kushagrasrivastava/simple_processor/onebitcomp.v" into library work
Analyzing Verilog file "/users/btech/kushagrasrivastava/simple_processor/rotary.v" into library work
Analyzing Verilog file "/users/btech/kushagrasrivastava/simple_processor/eight_bit_comparator.v" into library work
Analyzing Verilog file "/users/btech/kushagrasrivastava/simple_processor/display.v" into library work
Analyzing Verilog file "/users/btech/kushagrasrivastava/simple_processor/top.v" into library work
INFO: [Designutils 20-910] Reading macro library /opt/Xilinx/14.7/ISE_DS/PlanAhead/data/./parts/xilinx/spartan3e/spartan3e/hd_int_macros.edn
Parsing EDIF File [/opt/Xilinx/14.7/ISE_DS/PlanAhead/data/./parts/xilinx/spartan3e/spartan3e/hd_int_macros.edn]
Finished Parsing EDIF File [/opt/Xilinx/14.7/ISE_DS/PlanAhead/data/./parts/xilinx/spartan3e/spartan3e/hd_int_macros.edn]
Loading clock regions from /opt/Xilinx/14.7/ISE_DS/PlanAhead/data/parts/xilinx/spartan3e/spartan3e/xc3s500e/ClockRegion.xml
Loading clock buffers from /opt/Xilinx/14.7/ISE_DS/PlanAhead/data/parts/xilinx/spartan3e/spartan3e/xc3s500e/ClockBuffers.xml
Loading package from /opt/Xilinx/14.7/ISE_DS/PlanAhead/data/parts/xilinx/spartan3e/spartan3e/xc3s500e/fg320/Package.xml
Loading io standards from /opt/Xilinx/14.7/ISE_DS/PlanAhead/data/./parts/xilinx/spartan3e/IOStandards.xml
INFO: [Device 21-19] Loading pkg sso from /opt/Xilinx/14.7/ISE_DS/PlanAhead/data/parts/xilinx/spartan3e/spartan3e/xc3s500e/fg320/SSORules.xml
Loading list of drcs for the architecture : /opt/Xilinx/14.7/ISE_DS/PlanAhead/data/./parts/xilinx/spartan3e/spartan3e/drc.xml
INFO: [Timing 38-77] Reading timing library /opt/Xilinx/14.7/ISE_DS/PlanAhead/data/parts/xilinx/spartan3e/spartan3e/spartan3e-4.lib.
INFO: [Timing 38-34] Done reading timing library /opt/Xilinx/14.7/ISE_DS/PlanAhead/data/parts/xilinx/spartan3e/spartan3e/spartan3e-4.lib.
Parsing UCF File [/users/btech/kushagrasrivastava/simple_processor/top.ucf]
Finished Parsing UCF File [/users/btech/kushagrasrivastava/simple_processor/top.ucf]
INFO: [Project 1-111] Unisim Transformation Summary:
No Unisim elements were transformed.

Phase 0 | Netlist Checksum: 45e0a84d
open_rtl_design: Time (s): cpu = 00:00:18 ; elapsed = 00:00:10 . Memory (MB): peak = 2929.945 ; gain = 171.402
update_compile_order -fileset sim_1
startgroup
set_property package_pin M18 [get_ports LCD_E]
endgroup
startgroup
set_property package_pin L18 [get_ports LCD_RS]
endgroup
startgroup
set_property package_pin L17 [get_ports LCD_W]
endgroup
set_property iostandard LVCMOS33 [get_ports [list LCD_E]]
set_property iostandard LVCMOS33 [get_ports [list LCD_RS]]
set_property iostandard LVCMOS33 [get_ports [list LCD_W]]
set_property drive 4 [get_ports [list LCD_E]]
set_property drive 4 [get_ports [list LCD_RS]]
set_property drive 4 [get_ports [list LCD_W]]
set_property package_pin "" [get_ports [list  PB1]]
startgroup
set_property package_pin C9 [get_ports clk]
endgroup
set_property iostandard LVCMOS33 [get_ports [list clk]]
startgroup
set_property package_pin V4 [get_ports PB1]
endgroup
set_property iostandard LVTTL [get_ports [list PB1]]
set_property pulltype PULLDOWN [get_ports [list PB1]]
startgroup
set_property package_pin K17 [get_ports PB2]
endgroup
set_property iostandard LVTTL [get_ports [list PB2]]
set_property pulltype PULLDOWN [get_ports [list PB2]]
startgroup
set_property package_pin K18 [get_ports ROT_A]
endgroup
set_property iostandard LVTTL [get_ports [list ROT_A]]
set_property pulltype PULLUP [get_ports [list ROT_A]]
set_property pulltype PULLUP [get_ports [list ROT_B]]
set_property iostandard LVTTL [get_ports [list ROT_B]]
startgroup
set_property package_pin G18 [get_ports ROT_B]
endgroup
startgroup
set_property package_pin N17 [get_ports {inp[3]}]
endgroup
startgroup
set_property package_pin H18 [get_ports {inp[2]}]
endgroup
startgroup
set_property package_pin L14 [get_ports {inp[1]}]
endgroup
startgroup
set_property package_pin L13 [get_ports {inp[0]}]
endgroup
set_property iostandard LVTTL [get_ports [list {inp[3]}]]
set_property pulltype PULLUP [get_ports [list {inp[3]} {inp[2]} {inp[1]} {inp[0]}]]
set_property iostandard LVTTL [get_ports [list {inp[2]}]]
set_property iostandard LVTTL [get_ports [list {inp[1]}]]
set_property iostandard LVTTL [get_ports [list {inp[0]}]]
startgroup
set_property package_pin R15 [get_ports {val[0]}]
endgroup
startgroup
set_property package_pin R16 [get_ports {val[1]}]
endgroup
startgroup
set_property package_pin P17 [get_ports {val[2]}]
endgroup
startgroup
set_property package_pin M15 [get_ports {val[3]}]
endgroup
set_property iostandard LVCMOS33 [get_ports [list {val[3]} {val[2]} {val[1]} {val[0]}]]
set_property drive 4 [get_ports [list {val[3]} {val[2]} {val[1]} {val[0]}]]
save_constraints
exit
ERROR: [#UNDEF] *** Exception: ui.h.b: Found deleted key in HTclEventBroker. Verify if the classes listed here call cleanup()
HTclEvent: DEBUG_CORE_CONFIG_CHANGE   Classes: ui.views.aR 
HTclEvent: DEBUG_PORT_CONFIG_CHANGE   Classes: ui.views.aR 
HTclEvent: SIGNAL_MODIFY   Classes: ui.views.aR 
HTclEvent: SIGNAL_BUS_MODIFY   Classes: ui.views.aR 
 (See /users/btech/kushagrasrivastava/simple_processor/planAhead_pid484083.debug)
ERROR: [Common 17-39] 'stop_gui' failed due to earlier errors.
INFO: [Common 17-206] Exiting PlanAhead at Wed Apr  3 09:54:00 2024...
INFO: [Common 17-83] Releasing license: PlanAhead
