
****** PlanAhead v14.7 (64-bit)
  **** Build 321239 by xbuild on Fri Sep 27 19:24:36 MDT 2013
    ** Copyright 1986-1999, 2001-2013 Xilinx, Inc. All Rights Reserved.

INFO: [Common 17-78] Attempting to get a license: PlanAhead
INFO: [Common 17-290] Got license for PlanAhead
INFO: [Device 21-36] Loading parts and site information from /opt/Xilinx/14.7/ISE_DS/PlanAhead/data/parts/arch.xml
Parsing RTL primitives file [/opt/Xilinx/14.7/ISE_DS/PlanAhead/data/parts/xilinx/rtl/prims/rtl_prims.xml]
Finished parsing RTL primitives file [/opt/Xilinx/14.7/ISE_DS/PlanAhead/data/parts/xilinx/rtl/prims/rtl_prims.xml]
start_gui
source {/media/aditikh22/HP USB20FD/CS220/Lab3_3/fiveadder/pa.fromHdl.tcl}
# create_project -name fiveadder -dir "/media/aditikh22/HP USB20FD/CS220/Lab3_3/fiveadder/planAhead_run_3" -part xc3s500efg320-4
create_project: Time (s): cpu = 00:00:08 ; elapsed = 00:00:06 . Memory (MB): peak = 2719.809 ; gain = 31.906
# set_param project.pinAheadLayout yes
# set srcset [get_property srcset [current_run -impl]]
# set_property target_constrs_filexit
INFO: [Common 17-206] Exiting PlanAhead at Wed Jan 31 16:25:09 2024...
INFO: [Common 17-83] Releasing license: PlanAhead
to fileset 'constrs_1'
# set hdlfile [add_files [list {fiveadder.v}]]
# set_property file_type Verilog $hdlfile
# set_property library work $hdlfile
# set_property top fiveadder $srcset
# add_files [list {fiveadder.ucf}] -fileset [get_property constrset [current_run]]
# open_rtl_design -part xc3s500efg320-4
Using Verific elaboration
Parsing VHDL file "/opt/Xilinx/14.7/ISE_DS/PlanAhead/data/parts/xilinx/rtl/lib/synplify/synattr.vhd" into library synplify
Analyzing Verilog file "/media/aditikh22/HP USB20FD/CS220/Lab3_3/fiveadder/fiveadder.v" into library work
INFO: [Designutils 20-910] Reading macro library /opt/Xilinx/14.7/ISE_DS/PlanAhead/data/./parts/xilinx/spartan3e/spartan3e/hd_int_macros.edn
Parsing EDIF File [/opt/Xilinx/14.7/ISE_DS/PlanAhead/data/./parts/xilinx/spartan3e/spartan3e/hd_int_macros.edn]
Finished Parsing EDIF File [/opt/Xilinx/14.7/ISE_DS/PlanAhead/data/./parts/xilinx/spartan3e/spartan3e/hd_int_macros.edn]
Loading clock regions from /opt/Xilinx/14.7/ISE_DS/PlanAhead/data/parts/xilinx/spartan3e/spartan3e/xc3s500e/ClockRegion.xml
Loading clock buffers from /opt/Xilinx/14.7/ISE_DS/PlanAhead/data/parts/xilinx/spartan3e/spartan3e/xc3s500e/ClockBuffers.xml
Loading package from /opt/Xilinx/14.7/ISE_DS/PlanAhead/data/parts/xilinx/spartan3e/spartan3e/xc3s500e/fg320/Package.xml
Loading io standards from /opt/Xilinx/14.7/ISE_DS/PlanAhead/data/./parts/xilinx/spartan3e/IOStandards.xml
INFO: [Device 21-19] Loading pkg sso from /opt/Xilinx/14.7/ISE_DS/PlanAhead/data/parts/xilinx/spartan3e/spartan3e/xc3s500e/fg320/SSORules.xml
Loading list of drcs for the architecture : /opt/Xilinx/14.7/ISE_DS/PlanAhead/data/./parts/xilinx/spartan3e/spartan3e/drc.xml
INFO: [Timing 38-77] Reading timing library /opt/Xilinx/14.7/ISE_DS/PlanAhead/data/parts/xilinx/spartan3e/spartan3e/spartan3e-4.lib.
INFO: [Timing 38-34] Done reading timing library /opt/Xilinx/14.7/ISE_DS/PlanAhead/data/parts/xilinx/spartan3e/spartan3e/spartan3e-4.lib.
Parsing UCF File [/media/aditikh22/HP USB20FD/CS220/Lab3_3/fiveadder/fiveadder.ucf]
CRITICAL WARNING: [Constraints 18-11] Could not find net or pin 'sum[6]' [/media/aditikh22/HP USB20FD/CS220/Lab3_3/fiveadder/fiveadder.ucf:3]
CRITICAL WARNING: [Constraints 18-11] Could not find net or pin 'sum[6]' [/media/aditikh22/HP USB20FD/CS220/Lab3_3/fiveadder/fiveadder.ucf:10]
CRITICAL WARNING: [Constraints 18-11] Could not find net or pin 'sum[6]' [/media/aditikh22/HP USB20FD/CS220/Lab3_3/fiveadder/fiveadder.ucf:25]
Finished Parsing UCF File [/media/aditikh22/HP USB20FD/CS220/Lab3_3/fiveadder/fiveadder.ucf]
INFO: [Designutils 20-20] Invalid constraints found, use command 'write_ucf -constraints invalid <file>' to save all the invalid constraints to a file
INFO: [Project 1-111] Unisim Transformation Summary:
No Unisim elements were transformed.

Phase 0 | Netlist Checksum: 3eff68dc
open_rtl_design: Time (s): cpu = 00:00:21 ; elapsed = 00:00:10 . Memory (MB): peak = 2874.070 ; gain = 144.324
update_compile_order -fileset sim_1
refresh_design
Using Verific elaboration
Parsing VHDL file "/opt/Xilinx/14.7/ISE_DS/PlanAhead/data/parts/xilinx/rtl/lib/synplify/synattr.vhd" into library synplify
Analyzing Verilog file "/media/aditikh22/HP USB20FD/CS220/Lab3_3/fiveadder/fiveadder.v" into library work
INFO: [Designutils 20-910] Reading macro library /opt/Xilinx/14.7/ISE_DS/PlanAhead/data/./parts/xilinx/spartan3e/spartan3e/hd_int_macros.edn
Parsing EDIF File [/opt/Xilinx/14.7/ISE_DS/PlanAhead/data/./parts/xilinx/spartan3e/spartan3e/hd_int_macros.edn]
Finished Parsing EDIF File [/opt/Xilinx/14.7/ISE_DS/PlanAhead/data/./parts/xilinx/spartan3e/spartan3e/hd_int_macros.edn]
INFO: [Timing 38-77] Reading timing library /opt/Xilinx/14.7/ISE_DS/PlanAhead/data/parts/xilinx/spartan3e/spartan3e/spartan3e-4.lib.
INFO: [Timing 38-34] Done reading timing library /opt/Xilinx/14.7/ISE_DS/PlanAhead/data/parts/xilinx/spartan3e/spartan3e/spartan3e-4.lib.
Parsing UCF File [/media/aditikh22/HP USB20FD/CS220/Lab3_3/fiveadder/fiveadder.ucf]
CRITICAL WARNING: [Constraints 18-11] Could not find net or pin 'sum[6]' [/media/aditikh22/HP USB20FD/CS220/Lab3_3/fiveadder/fiveadder.ucf:3]
CRITICAL WARNING: [Constraints 18-11] Could not find net or pin 'sum[6]' [/media/aditikh22/HP USB20FD/CS220/Lab3_3/fiveadder/fiveadder.ucf:10]
CRITICAL WARNING: [Constraints 18-11] Could not find net or pin 'sum[6]' [/media/aditikh22/HP USB20FD/CS220/Lab3_3/fiveadder/fiveadder.ucf:25]
Finished Parsing UCF File [/media/aditikh22/HP USB20FD/CS220/Lab3_3/fiveadder/fiveadder.ucf]
INFO: [Designutils 20-20] Invalid constraints found, use command 'write_ucf -constraints invalid <file>' to save all the invalid constraints to a file
refresh_design: Time (s): cpu = 00:00:11 ; elapsed = 00:00:05 . Memory (MB): peak = 2921.477 ; gain = 0.000
startgroup
set_property package_pin E9 [get_ports cout]
endgroup
save_constraints
save_constraints: Time (s): cpu = 00:00:02 ; elapsed = 00:00:05 . Memory (MB): peak = 2921.477 ; gain = 0.000
exit
ERROR: [Common 17-39] 'stop_gui' failed due to earlier errors.
INFO: [Common 17-206] Exiting PlanAhead at Wed Jan 31 16:26:40 2024...
INFO: [Common 17-83] Releasing license: PlanAhead
