Running: /opt/Xilinx/14.7/ISE_DS/ISE/bin/lin64/unwrapped/fuse -intstyle ise -incremental -lib unisims_ver -lib unimacro_ver -lib xilinxcorelib_ver -o /media/mahaarajan/HP USB20FD/CS220/Lab3_2/wrap/wrap_top_isim_beh.exe -prj /media/mahaarajan/HP USB20FD/CS220/Lab3_2/wrap/wrap_top_beh.prj work.wrap_top work.glbl 
ISim P.20131013 (signature 0xfbc00daa)
Number of CPUs detected in this system: 4
Turning on mult-threading, number of parallel sub-compilation jobs: 8 
Determining compilation order of HDL files
Analyzing Verilog file "/media/mahaarajan/HP USB20FD/CS220/Lab3_2/wrap/wrap.v" into library work
Analyzing Verilog file "/media/mahaarajan/HP USB20FD/CS220/Lab3_2/wrap/wrap_top.v" into library work
Analyzing Verilog file "/opt/Xilinx/14.7/ISE_DS/ISE//verilog/src/glbl.v" into library work
Starting static elaboration
Completed static elaboration
Fuse Memory Usage: 82696 KB
Fuse CPU Usage: 2460 ms
Compiling module blink
Compiling module wrap_top
Compiling module glbl
Time Resolution for simulation is 1ps.
Waiting for 1 sub-compilation(s) to finish...
Compiled 3 Verilog Units
Built simulation executable /media/mahaarajan/HP USB20FD/CS220/Lab3_2/wrap/wrap_top_isim_beh.exe
Fuse Memory Usage: 642884 KB
Fuse CPU Usage: 2480 ms
GCC CPU Usage: 510 ms
