Release 14.7 - xst P.20131013 (lin64)
Copyright (c) 1995-2013 Xilinx, Inc.  All rights reserved.
--> 
Parameter TMPDIR set to xst/projnav.tmp


Total REAL time to Xst completion: 0.00 secs
Total CPU time to Xst completion: 0.08 secs
 
--> 
Parameter xsthdpdir set to xst


Total REAL time to Xst completion: 0.00 secs
Total CPU time to Xst completion: 0.08 secs
 
--> 
Reading design: seven_bit_adder.prj

TABLE OF CONTENTS
  1) Synthesis Options Summary
  2) HDL Compilation
  3) Design Hierarchy Analysis
  4) HDL Analysis
  5) HDL Synthesis
     5.1) HDL Synthesis Report
  6) Advanced HDL Synthesis
     6.1) Advanced HDL Synthesis Report
  7) Low Level Synthesis
  8) Partition Report
  9) Final Report
	9.1) Device utilization summary
	9.2) Partition Resource Summary
	9.3) TIMING REPORT


=========================================================================
*                      Synthesis Options Summary                        *
=========================================================================
---- Source Parameters
Input File Name                    : "seven_bit_adder.prj"
Input Format                       : mixed
Ignore Synthesis Constraint File   : NO

---- Target Parameters
Output File Name                   : "seven_bit_adder"
Output Format                      : NGC
Target Device                      : xc3s500e-4-fg320

---- Source Options
Top Module Name                    : seven_bit_adder
Automatic FSM Extraction           : YES
FSM Encoding Algorithm             : Auto
Safe Implementation                : No
FSM Style                          : LUT
RAM Extraction                     : Yes
RAM Style                          : Auto
ROM Extraction                     : Yes
Mux Style                          : Auto
Decoder Extraction                 : YES
Priority Encoder Extraction        : Yes
Shift Register Extraction          : YES
Logical Shifter Extraction         : YES
XOR Collapsing                     : YES
ROM Style                          : Auto
Mux Extraction                     : Yes
Resource Sharing                   : YES
Asynchronous To Synchronous        : NO
Multiplier Style                   : Auto
Automatic Register Balancing       : No

---- Target Options
Add IO Buffers                     : YES
Global Maximum Fanout              : 500
Add Generic Clock Buffer(BUFG)     : 24
Register Duplication               : YES
Slice Packing                      : YES
Optimize Instantiated Primitives   : NO
Use Clock Enable                   : Yes
Use Synchronous Set                : Yes
Use Synchronous Reset              : Yes
Pack IO Registers into IOBs        : Auto
Equivalent register Removal        : YES

---- General Options
Optimization Goal                  : Speed
Optimization Effort                : 1
Keep Hierarchy                     : No
Netlist Hierarchy                  : As_Optimized
RTL Output                         : Yes
Global Optimization                : AllClockNets
Read Cores                         : YES
Write Timing Constraints           : NO
Cross Clock Analysis               : NO
Hierarchy Separator                : /
Bus Delimiter                      : <>
Case Specifier                     : Maintain
Slice Utilization Ratio            : 100
BRAM Utilization Ratio             : 100
Verilog 2001                       : YES
Auto BRAM Packing                  : NO
Slice Utilization Ratio Delta      : 5

=========================================================================


=========================================================================
*                          HDL Compilation                              *
=========================================================================
Compiling verilog file "seven_bit_adder.v" in library work
Module <one_bit_full_adder> compiled
Module <seven_bit_adder> compiled
No errors in compilation
Analysis of file <"seven_bit_adder.prj"> succeeded.
 

=========================================================================
*                     Design Hierarchy Analysis                         *
=========================================================================
Analyzing hierarchy for module <seven_bit_adder> in library <work>.

Analyzing hierarchy for module <one_bit_full_adder> in library <work>.


=========================================================================
*                            HDL Analysis                               *
=========================================================================
Analyzing top module <seven_bit_adder>.
Module <seven_bit_adder> is correct for synthesis.
 
Analyzing module <one_bit_full_adder> in library <work>.
Module <one_bit_full_adder> is correct for synthesis.
 

=========================================================================
*                           HDL Synthesis                               *
=========================================================================

Performing bidirectional port resolution...

Synthesizing Unit <one_bit_full_adder>.
    Related source file is "seven_bit_adder.v".
    Found 1-bit xor3 for signal <sum>.
    Summary:
	inferred   1 Xor(s).
Unit <one_bit_full_adder> synthesized.


Synthesizing Unit <seven_bit_adder>.
    Related source file is "seven_bit_adder.v".
    Found 7-bit register for signal <x>.
    Found 7-bit register for signal <y>.
    Summary:
	inferred  14 D-type flip-flop(s).
Unit <seven_bit_adder> synthesized.


=========================================================================
HDL Synthesis Report

Macro Statistics
# Registers                                            : 14
 1-bit register                                        : 14
# Xors                                                 : 7
 1-bit xor3                                            : 7

=========================================================================

=========================================================================
*                       Advanced HDL Synthesis                          *
=========================================================================


=========================================================================
Advanced HDL Synthesis Report

Macro Statistics
# Registers                                            : 14
 Flip-Flops                                            : 14
# Xors                                                 : 7
 1-bit xor3                                            : 7

=========================================================================

=========================================================================
*                         Low Level Synthesis                           *
=========================================================================

Optimizing unit <seven_bit_adder> ...

Mapping all equations...
Building and optimizing final netlist ...
Found area constraint ratio of 100 (+ 5) on block seven_bit_adder, actual ratio is 0.

Final Macro Processing ...

=========================================================================
Final Register Report

Macro Statistics
# Registers                                            : 14
 Flip-Flops                                            : 14

=========================================================================

=========================================================================
*                           Partition Report                            *
=========================================================================

Partition Implementation Status
-------------------------------

  No Partitions were found in this design.

-------------------------------

=========================================================================
*                            Final Report                               *
=========================================================================
Final Results
RTL Top Level Output File Name     : seven_bit_adder.ngr
Top Level Output File Name         : seven_bit_adder
Output Format                      : NGC
Optimization Goal                  : Speed
Keep Hierarchy                     : No

Design Statistics
# IOs                              : 16

Cell Usage :
# BELS                             : 13
#      LUT2                        : 1
#      LUT3                        : 10
#      LUT4                        : 2
# FlipFlops/Latches                : 14
#      FD                          : 14
# Clock Buffers                    : 4
#      BUFGP                       : 4
# IO Buffers                       : 12
#      IBUF                        : 4
#      OBUF                        : 8
=========================================================================

Device utilization summary:
---------------------------

Selected Device : 3s500efg320-4 

 Number of Slices:                        8  out of   4656     0%  
 Number of Slice Flip Flops:             14  out of   9312     0%  
 Number of 4 input LUTs:                 13  out of   9312     0%  
 Number of IOs:                          16
 Number of bonded IOBs:                  16  out of    232     6%  
 Number of GCLKs:                         4  out of     24    16%  

---------------------------
Partition Resource Summary:
---------------------------

  No Partitions were found in this design.

---------------------------


=========================================================================
TIMING REPORT

NOTE: THESE TIMING NUMBERS ARE ONLY A SYNTHESIS ESTIMATE.
      FOR ACCURATE TIMING INFORMATION PLEASE REFER TO THE TRACE REPORT
      GENERATED AFTER PLACE-and-ROUTE.

Clock Information:
------------------
-----------------------------------+------------------------+-------+
Clock Signal                       | Clock buffer(FF name)  | Load  |
-----------------------------------+------------------------+-------+
PB1                                | BUFGP                  | 4     |
PB2                                | BUFGP                  | 3     |
PB3                                | BUFGP                  | 4     |
PB4                                | BUFGP                  | 3     |
-----------------------------------+------------------------+-------+

Asynchronous Control Signals Information:
----------------------------------------
No asynchronous control signals found in this design

Timing Summary:
---------------
Speed Grade: -4

   Minimum period: No path found
   Minimum input arrival time before clock: 2.113ns
   Maximum output required time after clock: 11.679ns
   Maximum combinational path delay: No path found

Timing Detail:
--------------
All values displayed in nanoseconds (ns)

=========================================================================
Timing constraint: Default OFFSET IN BEFORE for Clock 'PB1'
  Total number of paths / destination ports: 4 / 4
-------------------------------------------------------------------------
Offset:              2.113ns (Levels of Logic = 1)
  Source:            a<2> (PAD)
  Destination:       x_2 (FF)
  Destination Clock: PB1 rising

  Data Path: a<2> to x_2
                                Gate     Net
    Cell:in->out      fanout   Delay   Delay  Logical Name (Net Name)
    ----------------------------------------  ------------
     IBUF:I->O             4   1.218   0.587  a_2_IBUF (a_2_IBUF)
     FD:D                      0.308          x_2
    ----------------------------------------
    Total                      2.113ns (1.526ns logic, 0.587ns route)
                                       (72.2% logic, 27.8% route)

=========================================================================
Timing constraint: Default OFFSET IN BEFORE for Clock 'PB2'
  Total number of paths / destination ports: 3 / 3
-------------------------------------------------------------------------
Offset:              2.113ns (Levels of Logic = 1)
  Source:            a<0> (PAD)
  Destination:       x_4 (FF)
  Destination Clock: PB2 rising

  Data Path: a<0> to x_4
                                Gate     Net
    Cell:in->out      fanout   Delay   Delay  Logical Name (Net Name)
    ----------------------------------------  ------------
     IBUF:I->O             4   1.218   0.587  a_0_IBUF (a_0_IBUF)
     FD:D                      0.308          x_4
    ----------------------------------------
    Total                      2.113ns (1.526ns logic, 0.587ns route)
                                       (72.2% logic, 27.8% route)

=========================================================================
Timing constraint: Default OFFSET IN BEFORE for Clock 'PB3'
  Total number of paths / destination ports: 4 / 4
-------------------------------------------------------------------------
Offset:              2.113ns (Levels of Logic = 1)
  Source:            a<2> (PAD)
  Destination:       y_2 (FF)
  Destination Clock: PB3 rising

  Data Path: a<2> to y_2
                                Gate     Net
    Cell:in->out      fanout   Delay   Delay  Logical Name (Net Name)
    ----------------------------------------  ------------
     IBUF:I->O             4   1.218   0.587  a_2_IBUF (a_2_IBUF)
     FD:D                      0.308          y_2
    ----------------------------------------
    Total                      2.113ns (1.526ns logic, 0.587ns route)
                                       (72.2% logic, 27.8% route)

=========================================================================
Timing constraint: Default OFFSET IN BEFORE for Clock 'PB4'
  Total number of paths / destination ports: 3 / 3
-------------------------------------------------------------------------
Offset:              2.113ns (Levels of Logic = 1)
  Source:            a<2> (PAD)
  Destination:       y_6 (FF)
  Destination Clock: PB4 rising

  Data Path: a<2> to y_6
                                Gate     Net
    Cell:in->out      fanout   Delay   Delay  Logical Name (Net Name)
    ----------------------------------------  ------------
     IBUF:I->O             4   1.218   0.587  a_2_IBUF (a_2_IBUF)
     FD:D                      0.308          y_6
    ----------------------------------------
    Total                      2.113ns (1.526ns logic, 0.587ns route)
                                       (72.2% logic, 27.8% route)

=========================================================================
Timing constraint: Default OFFSET OUT AFTER for Clock 'PB2'
  Total number of paths / destination ports: 9 / 4
-------------------------------------------------------------------------
Offset:              8.121ns (Levels of Logic = 4)
  Source:            x_4 (FF)
  Destination:       sum<6> (PAD)
  Source Clock:      PB2 rising

  Data Path: x_4 to sum<6>
                                Gate     Net
    Cell:in->out      fanout   Delay   Delay  Logical Name (Net Name)
    ----------------------------------------  ------------
     FD:C->Q               2   0.591   0.622  x_4 (x_4)
     LUT3:I0->O            2   0.704   0.482  FA4/cout1 (cintermediate<4>)
     LUT3:I2->O            2   0.704   0.622  FA5/cout1 (cintermediate<5>)
     LUT3:I0->O            1   0.704   0.420  FA6/Mxor_sum_xo<0>1 (sum_6_OBUF)
     OBUF:I->O                 3.272          sum_6_OBUF (sum<6>)
    ----------------------------------------
    Total                      8.121ns (5.975ns logic, 2.146ns route)
                                       (73.6% logic, 26.4% route)

=========================================================================
Timing constraint: Default OFFSET OUT AFTER for Clock 'PB4'
  Total number of paths / destination ports: 9 / 4
-------------------------------------------------------------------------
Offset:              8.025ns (Levels of Logic = 4)
  Source:            y_4 (FF)
  Destination:       sum<6> (PAD)
  Source Clock:      PB4 rising

  Data Path: y_4 to sum<6>
                                Gate     Net
    Cell:in->out      fanout   Delay   Delay  Logical Name (Net Name)
    ----------------------------------------  ------------
     FD:C->Q               2   0.591   0.526  y_4 (y_4)
     LUT3:I1->O            2   0.704   0.482  FA4/cout1 (cintermediate<4>)
     LUT3:I2->O            2   0.704   0.622  FA5/cout1 (cintermediate<5>)
     LUT3:I0->O            1   0.704   0.420  FA6/Mxor_sum_xo<0>1 (sum_6_OBUF)
     OBUF:I->O                 3.272          sum_6_OBUF (sum<6>)
    ----------------------------------------
    Total                      8.025ns (5.975ns logic, 2.050ns route)
                                       (74.5% logic, 25.5% route)

=========================================================================
Timing constraint: Default OFFSET OUT AFTER for Clock 'PB1'
  Total number of paths / destination ports: 26 / 8
-------------------------------------------------------------------------
Offset:              11.679ns (Levels of Logic = 7)
  Source:            x_1 (FF)
  Destination:       sum<6> (PAD)
  Source Clock:      PB1 rising

  Data Path: x_1 to sum<6>
                                Gate     Net
    Cell:in->out      fanout   Delay   Delay  Logical Name (Net Name)
    ----------------------------------------  ------------
     FD:C->Q               2   0.591   0.622  x_1 (x_1)
     LUT4:I0->O            2   0.704   0.482  FA1/cout1 (cintermediate<1>)
     LUT3:I2->O            2   0.704   0.482  FA2/cout1 (cintermediate<2>)
     LUT3:I2->O            2   0.704   0.482  FA3/cout1 (cintermediate<3>)
     LUT3:I2->O            2   0.704   0.482  FA4/cout1 (cintermediate<4>)
     LUT3:I2->O            2   0.704   0.622  FA5/cout1 (cintermediate<5>)
     LUT3:I0->O            1   0.704   0.420  FA6/Mxor_sum_xo<0>1 (sum_6_OBUF)
     OBUF:I->O                 3.272          sum_6_OBUF (sum<6>)
    ----------------------------------------
    Total                     11.679ns (8.087ns logic, 3.592ns route)
                                       (69.2% logic, 30.8% route)

=========================================================================
Timing constraint: Default OFFSET OUT AFTER for Clock 'PB3'
  Total number of paths / destination ports: 26 / 8
-------------------------------------------------------------------------
Offset:              11.623ns (Levels of Logic = 7)
  Source:            y_0 (FF)
  Destination:       sum<6> (PAD)
  Source Clock:      PB3 rising

  Data Path: y_0 to sum<6>
                                Gate     Net
    Cell:in->out      fanout   Delay   Delay  Logical Name (Net Name)
    ----------------------------------------  ------------
     FD:C->Q               3   0.591   0.566  y_0 (y_0)
     LUT4:I2->O            2   0.704   0.482  FA1/cout1 (cintermediate<1>)
     LUT3:I2->O            2   0.704   0.482  FA2/cout1 (cintermediate<2>)
     LUT3:I2->O            2   0.704   0.482  FA3/cout1 (cintermediate<3>)
     LUT3:I2->O            2   0.704   0.482  FA4/cout1 (cintermediate<4>)
     LUT3:I2->O            2   0.704   0.622  FA5/cout1 (cintermediate<5>)
     LUT3:I0->O            1   0.704   0.420  FA6/Mxor_sum_xo<0>1 (sum_6_OBUF)
     OBUF:I->O                 3.272          sum_6_OBUF (sum<6>)
    ----------------------------------------
    Total                     11.623ns (8.087ns logic, 3.536ns route)
                                       (69.6% logic, 30.4% route)

=========================================================================


Total REAL time to Xst completion: 8.00 secs
Total CPU time to Xst completion: 6.69 secs
 
--> 


Total memory usage is 501372 kilobytes

Number of errors   :    0 (   0 filtered)
Number of warnings :    0 (   0 filtered)
Number of infos    :    0 (   0 filtered)

