#-----------------------------------------------------------
# PlanAhead v14.7 (64-bit)
# Build 321239 by xbuild on Fri Sep 27 19:24:36 MDT 2013
# Start of session at: Wed Jan 24 14:26:00 2024
# Process ID: 4521
# Log file: /media/aditikh22/HP USB20FD/CS220/Lab2_1/two_bit_adder/planAhead_run_1/planAhead.log
# Journal file: /media/aditikh22/HP USB20FD/CS220/Lab2_1/two_bit_adder/planAhead_run_1/planAhead.jou
#-----------------------------------------------------------
INFO: [Common 17-78] Attempting to get a license: PlanAhead
INFO: [Common 17-290] Got license for PlanAhead
INFO: [Device 21-36] Loading parts and site information from /opt/Xilinx/14.7/ISE_DS/PlanAhead/data/parts/arch.xml
Parsing RTL primitives file [/opt/Xilinx/14.7/ISE_DS/PlanAhead/data/parts/xilinx/rtl/prims/rtl_prims.xml]
Finished parsing RTL primitives file [/opt/Xilinx/14.7/ISE_DS/PlanAhead/data/parts/xilinx/rtl/prims/rtl_prims.xml]
start_gui
source {/media/aditikh22/HP USB20FD/CS220/Lab2_1/two_bit_adder/pa.fromHdl.tcl}
# create_project -name two_bit_adder -dir "/media/aditikh22/HP USB20FD/CS220/Lab2_1/two_bit_adder/planAhead_run_1" -part xc3s500efg320-4
create_project: Time (s): cpu = 00:00:08 ; elapsed = 00:00:07 . Memory (MB): peak = 2743.191 ; gain = 26.055
# set_param project.pinAheadLayout yes
# set srcset [get_property srcset [current_run -impl]]
# set_property target_constrs_file "two_bit_adder.ucf" [current_fileset -constrset]
Adding file '/media/aditikh22/HP USB20FD/CS220/Lab2_1/two_bit_adder/two_bit_adder.ucf' to fileset 'constrs_1'
# set hdlfile [add_files [list {two_bit_adder.v}]]
# set_property file_type Verilog $hdlfile
# set_property library work $hdlfile
# set_property top two_bit_adder $srcset
# add_files [list {two_bit_adder.ucf}] -fileset [get_property constrset [current_run]]
# open_rtl_design -part xc3s500efg320-4
Using Verific elaboration
Parsing VHDL file "/opt/Xilinx/14.7/ISE_DS/PlanAhead/data/parts/xilinx/rtl/lib/synplify/synattr.vhd" into library synplify
Analyzing Verilog file "/media/aditikh22/HP USB20FD/CS220/Lab2_1/two_bit_adder/two_bit_adder.v" into library work
INFO: [Designutils 20-910] Reading macro library /opt/Xilinx/14.7/ISE_DS/PlanAhead/data/./parts/xilinx/spartan3e/spartan3e/hd_int_macros.edn
Parsing EDIF File [/opt/Xilinx/14.7/ISE_DS/PlanAhead/data/./parts/xilinx/spartan3e/spartan3e/hd_int_macros.edn]
Finished Parsing EDIF File [/opt/Xilinx/14.7/ISE_DS/PlanAhead/data/./parts/xilinx/spartan3e/spartan3e/hd_int_macros.edn]
Loading clock regions from /opt/Xilinx/14.7/ISE_DS/PlanAhead/data/parts/xilinx/spartan3e/spartan3e/xc3s500e/ClockRegion.xml
Loading clock buffers from /opt/Xilinx/14.7/ISE_DS/PlanAhead/data/parts/xilinx/spartan3e/spartan3e/xc3s500e/ClockBuffers.xml
Loading package from /opt/Xilinx/14.7/ISE_DS/PlanAhead/data/parts/xilinx/spartan3e/spartan3e/xc3s500e/fg320/Package.xml
Loading io standards from /opt/Xilinx/14.7/ISE_DS/PlanAhead/data/./parts/xilinx/spartan3e/IOStandards.xml
INFO: [Device 21-19] Loading pkg sso from /opt/Xilinx/14.7/ISE_DS/PlanAhead/data/parts/xilinx/spartan3e/spartan3e/xc3s500e/fg320/SSORules.xml
Loading list of drcs for the architecture : /opt/Xilinx/14.7/ISE_DS/PlanAhead/data/./parts/xilinx/spartan3e/spartan3e/drc.xml
INFO: [Timing 38-77] Reading timing library /opt/Xilinx/14.7/ISE_DS/PlanAhead/data/parts/xilinx/spartan3e/spartan3e/spartan3e-4.lib.
INFO: [Timing 38-34] Done reading timing library /opt/Xilinx/14.7/ISE_DS/PlanAhead/data/parts/xilinx/spartan3e/spartan3e/spartan3e-4.lib.
Parsing UCF File [/media/aditikh22/HP USB20FD/CS220/Lab2_1/two_bit_adder/two_bit_adder.ucf]
Finished Parsing UCF File [/media/aditikh22/HP USB20FD/CS220/Lab2_1/two_bit_adder/two_bit_adder.ucf]
INFO: [Project 1-111] Unisim Transformation Summary:
No Unisim elements were transformed.

Phase 0 | Netlist Checksum: 65d4df29
open_rtl_design: Time (s): cpu = 00:00:19 ; elapsed = 00:00:09 . Memory (MB): peak = 2841.285 ; gain = 95.105
update_compile_order -fileset sim_1
startgroup
set_property package_pin L13 [get_ports {a[1]}]
endgroup
startgroup
set_property package_pin L14 [get_ports {a[0]}]
endgroup
startgroup
set_property package_pin H18 [get_ports {b[1]}]
endgroup
startgroup
set_property package_pin N17 [get_ports {b[0]}]
endgroup
startgroup
set_property package_pin F12 [get_ports {sum[1]}]
endgroup
set_property package_pin "" [get_ports [list  {a[1]}]]
startgroup
set_property package_pin L13 [get_ports {a[0]}]
endgroup
startgroup
set_property package_pin L14 [get_ports {a[1]}]
endgroup
startgroup
set_property package_pin N2 [get_ports {b[1]}]
endgroup
startgroup
set_property package_pin N2 [get_ports {b[1]}]
endgroup
startgroup
set_property package_pin H18 [get_ports {b[0]}]
endgroup
startgroup
set_property package_pin N17 [get_ports {b[1]}]
endgroup
startgroup
set_property package_pin E12 [get_ports {sum[1]}]
endgroup
startgroup
set_property package_pin F12 [get_ports {sum[0]}]
endgroup
startgroup
set_property package_pin E11 [get_ports cout]
endgroup
set_property iostandard LVTTL [get_ports [list {a[1]} {a[0]}]]
set_property iostandard LVTTL [get_ports [list {b[1]} {b[0]}]]
set_property iostandard LVCMOS25 [get_ports [list {sum[1]}]]
set_property iostandard LVTTL [get_ports [list {sum[1]} {sum[0]}]]
set_property iostandard LVTTL [get_ports [list cout]]
set_property drive 8 [get_ports [list {sum[1]} {sum[0]}]]
set_property drive 8 [get_ports [list cout]]
set_property pulltype PULLUP [get_ports [list {a[1]} {a[0]}]]
set_property pulltype PULLUP [get_ports [list {b[1]} {b[0]}]]
save_constraints
exit
ERROR: [#UNDEF] *** Exception: ui.h.b: Found deleted key in HTclEventBroker. Verify if the classes listed here call cleanup()
HTclEvent: DEBUG_CORE_CONFIG_CHANGE   Classes: ui.views.aR 
HTclEvent: SIGNAL_BUS_MODIFY   Classes: ui.views.aR 
HTclEvent: SIGNAL_MODIFY   Classes: ui.views.aR 
HTclEvent: DEBUG_PORT_CONFIG_CHANGE   Classes: ui.views.aR 
 (See /media/aditikh22/HP USB20FD/CS220/Lab2_1/two_bit_adder/planAhead_pid4521.debug)
ERROR: [Common 17-39] 'stop_gui' failed due to earlier errors.
INFO: [Common 17-206] Exiting PlanAhead at Wed Jan 24 14:30:43 2024...
INFO: [Common 17-83] Releasing license: PlanAhead
