#-----------------------------------------------------------
# PlanAhead v14.7 (64-bit)
# Build 321239 by xbuild on Fri Sep 27 19:24:36 MDT 2013
# Start of session at: Wed Jan 24 15:22:17 2024
# Process ID: 12028
# Log file: /media/aditikh22/HP USB20FD/CS220/Lab2_2/seven_bit_adder/planAhead_run_5/planAhead.log
# Journal file: /media/aditikh22/HP USB20FD/CS220/Lab2_2/seven_bit_adder/planAhead_run_5/planAhead.jou
#-----------------------------------------------------------
INFO: [Common 17-78] Attempting to get a license: PlanAhead
INFO: [Common 17-290] Got license for PlanAhead
INFO: [Device 21-36] Loading parts and site information from /opt/Xilinx/14.7/ISE_DS/PlanAhead/data/parts/arch.xml
Parsing RTL primitives file [/opt/Xilinx/14.7/ISE_DS/PlanAhead/data/parts/xilinx/rtl/prims/rtl_prims.xml]
Finished parsing RTL primitives file [/opt/Xilinx/14.7/ISE_DS/PlanAhead/data/parts/xilinx/rtl/prims/rtl_prims.xml]
start_gui
source {/media/aditikh22/HP USB20FD/CS220/Lab2_2/seven_bit_adder/pa.fromHdl.tcl}
# create_project -name seven_bit_adder -dir "/media/aditikh22/HP USB20FD/CS220/Lab2_2/seven_bit_adder/planAhead_run_5" -part xc3s500efg320-4
ERROR: [Common 17-53] User Exception: Project already exists on disk, please use '-force' option to overwrite: 
     /media/aditikh22/HP USB20FD/CS220/Lab2_2/seven_bit_adder/planAhead_run_5/seven_bit_adder.ppr
     /media/aditikh22/HP USB20FD/CS220/Lab2_2/seven_bit_adder/planAhead_run_5/seven_bit_adder.data

    while executing
"create_project -name seven_bit_adder -dir "/media/aditikh22/HP USB20FD/CS220/Lab2_2/seven_bit_adder/planAhead_run_5" -part xc3s500efg320-4"
    (file "/media/aditikh22/HP USB20FD/CS220/Lab2_2/seven_bit_adder/pa.fromHdl.tcl" line 4)
exit
INFO: [Common 17-206] Exiting PlanAhead at Wed Jan 24 15:22:45 2024...
INFO: [Common 17-83] Releasing license: PlanAhead
