Release 14.7 - xst P.20131013 (lin64)
Copyright (c) 1995-2013 Xilinx, Inc.  All rights reserved.
--> 
Parameter TMPDIR set to xst/projnav.tmp


Total REAL time to Xst completion: 0.00 secs
Total CPU time to Xst completion: 0.06 secs
 
--> 
Parameter xsthdpdir set to xst


Total REAL time to Xst completion: 0.00 secs
Total CPU time to Xst completion: 0.06 secs
 
--> 
Reading design: grid.prj

TABLE OF CONTENTS
  1) Synthesis Options Summary
  2) HDL Compilation
  3) Design Hierarchy Analysis
  4) HDL Analysis
  5) HDL Synthesis
     5.1) HDL Synthesis Report
  6) Advanced HDL Synthesis
     6.1) Advanced HDL Synthesis Report
  7) Low Level Synthesis
  8) Partition Report
  9) Final Report
	9.1) Device utilization summary
	9.2) Partition Resource Summary
	9.3) TIMING REPORT


=========================================================================
*                      Synthesis Options Summary                        *
=========================================================================
---- Source Parameters
Input File Name                    : "grid.prj"
Input Format                       : mixed
Ignore Synthesis Constraint File   : NO

---- Target Parameters
Output File Name                   : "grid"
Output Format                      : NGC
Target Device                      : xc3s500e-4-fg320

---- Source Options
Top Module Name                    : grid
Automatic FSM Extraction           : YES
FSM Encoding Algorithm             : Auto
Safe Implementation                : No
FSM Style                          : LUT
RAM Extraction                     : Yes
RAM Style                          : Auto
ROM Extraction                     : Yes
Mux Style                          : Auto
Decoder Extraction                 : YES
Priority Encoder Extraction        : Yes
Shift Register Extraction          : YES
Logical Shifter Extraction         : YES
XOR Collapsing                     : YES
ROM Style                          : Auto
Mux Extraction                     : Yes
Resource Sharing                   : YES
Asynchronous To Synchronous        : NO
Multiplier Style                   : Auto
Automatic Register Balancing       : No

---- Target Options
Add IO Buffers                     : YES
Global Maximum Fanout              : 500
Add Generic Clock Buffer(BUFG)     : 24
Register Duplication               : YES
Slice Packing                      : YES
Optimize Instantiated Primitives   : NO
Use Clock Enable                   : Yes
Use Synchronous Set                : Yes
Use Synchronous Reset              : Yes
Pack IO Registers into IOBs        : Auto
Equivalent register Removal        : YES

---- General Options
Optimization Goal                  : Speed
Optimization Effort                : 1
Keep Hierarchy                     : No
Netlist Hierarchy                  : As_Optimized
RTL Output                         : Yes
Global Optimization                : AllClockNets
Read Cores                         : YES
Write Timing Constraints           : NO
Cross Clock Analysis               : NO
Hierarchy Separator                : /
Bus Delimiter                      : <>
Case Specifier                     : Maintain
Slice Utilization Ratio            : 100
BRAM Utilization Ratio             : 100
Verilog 2001                       : YES
Auto BRAM Packing                  : NO
Slice Utilization Ratio Delta      : 5

=========================================================================


=========================================================================
*                          HDL Compilation                              *
=========================================================================
Compiling verilog file "full_operator.v" in library work
Compiling verilog file "rotary_shft.v" in library work
Module <full_operator> compiled
Compiling verilog file "five_bit_adder_subtractor.v" in library work
Module <rotary_shaft> compiled
Compiling verilog file "grid.v" in library work
Module <five_bit_adder_subtractor> compiled
Module <grid> compiled
No errors in compilation
Analysis of file <"grid.prj"> succeeded.
 

=========================================================================
*                     Design Hierarchy Analysis                         *
=========================================================================
Analyzing hierarchy for module <grid> in library <work>.

Analyzing hierarchy for module <rotary_shaft> in library <work>.

Analyzing hierarchy for module <five_bit_adder_subtractor> in library <work>.

Analyzing hierarchy for module <full_operator> in library <work>.


=========================================================================
*                            HDL Analysis                               *
=========================================================================
Analyzing top module <grid>.
Module <grid> is correct for synthesis.
 
Analyzing module <rotary_shaft> in library <work>.
Module <rotary_shaft> is correct for synthesis.
 
Analyzing module <five_bit_adder_subtractor> in library <work>.
Module <five_bit_adder_subtractor> is correct for synthesis.
 
Analyzing module <full_operator> in library <work>.
Module <full_operator> is correct for synthesis.
 

=========================================================================
*                           HDL Synthesis                               *
=========================================================================

Performing bidirectional port resolution...

Synthesizing Unit <rotary_shaft>.
    Related source file is "rotary_shft.v".
    Found 1-bit register for signal <rotation_event>.
    Summary:
	inferred   1 D-type flip-flop(s).
Unit <rotary_shaft> synthesized.


Synthesizing Unit <full_operator>.
    Related source file is "full_operator.v".
    Found 1-bit xor3 for signal <sum>.
    Found 1-bit xor2 for signal <cout$xor0000> created at line 34.
    Summary:
	inferred   1 Xor(s).
Unit <full_operator> synthesized.


Synthesizing Unit <five_bit_adder_subtractor>.
    Related source file is "five_bit_adder_subtractor.v".
WARNING:Xst:646 - Signal <couty<4>> is assigned but never used. This unconnected signal will be trimmed during the optimization process.
WARNING:Xst:646 - Signal <coutx<4>> is assigned but never used. This unconnected signal will be trimmed during the optimization process.
Unit <five_bit_adder_subtractor> synthesized.


Synthesizing Unit <grid>.
    Related source file is "grid.v".
    Found 4-bit register for signal <x>.
    Found 4-bit register for signal <y>.
    Found 1-bit register for signal <change>.
    Found 4-bit register for signal <num>.
    Found 1-bit register for signal <prev_rotation_event>.
    Found 4-bit 4-to-1 multiplexer for signal <x$mux0000>.
    Found 4-bit 4-to-1 multiplexer for signal <y$mux0000>.
    Summary:
	inferred  14 D-type flip-flop(s).
	inferred   8 Multiplexer(s).
Unit <grid> synthesized.


=========================================================================
HDL Synthesis Report

Macro Statistics
# Registers                                            : 6
 1-bit register                                        : 3
 4-bit register                                        : 3
# Multiplexers                                         : 2
 4-bit 4-to-1 multiplexer                              : 2
# Xors                                                 : 20
 1-bit xor2                                            : 10
 1-bit xor3                                            : 10

=========================================================================

=========================================================================
*                       Advanced HDL Synthesis                          *
=========================================================================


=========================================================================
Advanced HDL Synthesis Report

Macro Statistics
# Registers                                            : 15
 Flip-Flops                                            : 15
# Multiplexers                                         : 2
 4-bit 4-to-1 multiplexer                              : 2
# Xors                                                 : 20
 1-bit xor2                                            : 10
 1-bit xor3                                            : 10

=========================================================================

=========================================================================
*                         Low Level Synthesis                           *
=========================================================================

Optimizing unit <grid> ...

Optimizing unit <five_bit_adder_subtractor> ...

Mapping all equations...
Building and optimizing final netlist ...
Found area constraint ratio of 100 (+ 5) on block grid, actual ratio is 0.
FlipFlop num_1 has been replicated 1 time(s)
INFO:Xst:1843 - HDL ADVISOR - FlipFlop num_1 connected to a primary input has been replicated

Final Macro Processing ...

=========================================================================
Final Register Report

Macro Statistics
# Registers                                            : 16
 Flip-Flops                                            : 16

=========================================================================

=========================================================================
*                           Partition Report                            *
=========================================================================

Partition Implementation Status
-------------------------------

  No Partitions were found in this design.

-------------------------------

=========================================================================
*                            Final Report                               *
=========================================================================
Final Results
RTL Top Level Output File Name     : grid.ngr
Top Level Output File Name         : grid
Output Format                      : NGC
Optimization Goal                  : Speed
Keep Hierarchy                     : No

Design Statistics
# IOs                              : 15

Cell Usage :
# BELS                             : 41
#      GND                         : 1
#      LUT2                        : 3
#      LUT3                        : 14
#      LUT3_D                      : 2
#      LUT3_L                      : 2
#      LUT4                        : 10
#      LUT4_D                      : 2
#      LUT4_L                      : 4
#      MUXF5                       : 2
#      VCC                         : 1
# FlipFlops/Latches                : 16
#      FD                          : 1
#      FDE                         : 13
#      FDRE                        : 1
#      FDSE                        : 1
# Clock Buffers                    : 1
#      BUFGP                       : 1
# IO Buffers                       : 14
#      IBUF                        : 6
#      OBUF                        : 8
=========================================================================

Device utilization summary:
---------------------------

Selected Device : 3s500efg320-4 

 Number of Slices:                       19  out of   4656     0%  
 Number of Slice Flip Flops:             16  out of   9312     0%  
 Number of 4 input LUTs:                 37  out of   9312     0%  
 Number of IOs:                          15
 Number of bonded IOBs:                  15  out of    232     6%  
 Number of GCLKs:                         1  out of     24     4%  

---------------------------
Partition Resource Summary:
---------------------------

  No Partitions were found in this design.

---------------------------


=========================================================================
TIMING REPORT

NOTE: THESE TIMING NUMBERS ARE ONLY A SYNTHESIS ESTIMATE.
      FOR ACCURATE TIMING INFORMATION PLEASE REFER TO THE TRACE REPORT
      GENERATED AFTER PLACE-and-ROUTE.

Clock Information:
------------------
-----------------------------------+------------------------+-------+
Clock Signal                       | Clock buffer(FF name)  | Load  |
-----------------------------------+------------------------+-------+
clk                                | BUFGP                  | 16    |
-----------------------------------+------------------------+-------+

Asynchronous Control Signals Information:
----------------------------------------
No asynchronous control signals found in this design

Timing Summary:
---------------
Speed Grade: -4

   Minimum period: 6.046ns (Maximum Frequency: 165.399MHz)
   Minimum input arrival time before clock: 3.875ns
   Maximum output required time after clock: 4.620ns
   Maximum combinational path delay: No path found

Timing Detail:
--------------
All values displayed in nanoseconds (ns)

=========================================================================
Timing constraint: Default period analysis for Clock 'clk'
  Clock period: 6.046ns (frequency: 165.399MHz)
  Total number of paths / destination ports: 170 / 24
-------------------------------------------------------------------------
Delay:               6.046ns (Levels of Logic = 4)
  Source:            num_0 (FF)
  Destination:       y_1 (FF)
  Source Clock:      clk rising
  Destination Clock: clk rising

  Data Path: num_0 to y_1
                                Gate     Net
    Cell:in->out      fanout   Delay   Delay  Logical Name (Net Name)
    ----------------------------------------  ------------
     FDE:C->Q             20   0.591   1.106  num_0 (num_0)
     LUT4_D:I3->O          1   0.704   0.499  FBA/FA5/cout1 (FBA/couty<0>)
     LUT3:I1->O            4   0.704   0.591  FBA/FA6/cout1 (FBA/couty<1>)
     LUT4_L:I3->LO         1   0.704   0.135  FBA/FA9/Mxor_sum_xo<0>1 (sum_y<4>)
     LUT3:I2->O            1   0.704   0.000  Mmux_y_mux00009 (y_mux0000<2>)
     FDE:D                     0.308          y_1
    ----------------------------------------
    Total                      6.046ns (3.715ns logic, 2.331ns route)
                                       (61.4% logic, 38.6% route)

=========================================================================
Timing constraint: Default OFFSET IN BEFORE for Clock 'clk'
  Total number of paths / destination ports: 9 / 7
-------------------------------------------------------------------------
Offset:              3.875ns (Levels of Logic = 2)
  Source:            ROT_A (PAD)
  Destination:       RS/rotation_event (FF)
  Destination Clock: clk rising

  Data Path: ROT_A to RS/rotation_event
                                Gate     Net
    Cell:in->out      fanout   Delay   Delay  Logical Name (Net Name)
    ----------------------------------------  ------------
     IBUF:I->O             2   1.218   0.622  ROT_A_IBUF (ROT_A_IBUF)
     LUT2:I0->O            1   0.704   0.420  RS/rotation_event_and00011 (RS/rotation_event_not0001_inv)
     FDRE:R                    0.911          RS/rotation_event
    ----------------------------------------
    Total                      3.875ns (2.833ns logic, 1.042ns route)
                                       (73.1% logic, 26.9% route)

=========================================================================
Timing constraint: Default OFFSET OUT AFTER for Clock 'clk'
  Total number of paths / destination ports: 8 / 8
-------------------------------------------------------------------------
Offset:              4.620ns (Levels of Logic = 1)
  Source:            x_2 (FF)
  Destination:       x<2> (PAD)
  Source Clock:      clk rising

  Data Path: x_2 to x<2>
                                Gate     Net
    Cell:in->out      fanout   Delay   Delay  Logical Name (Net Name)
    ----------------------------------------  ------------
     FDE:C->Q              8   0.591   0.757  x_2 (x_2)
     OBUF:I->O                 3.272          x_2_OBUF (x<2>)
    ----------------------------------------
    Total                      4.620ns (3.863ns logic, 0.757ns route)
                                       (83.6% logic, 16.4% route)

=========================================================================


Total REAL time to Xst completion: 8.00 secs
Total CPU time to Xst completion: 7.50 secs
 
--> 


Total memory usage is 502556 kilobytes

Number of errors   :    0 (   0 filtered)
Number of warnings :    2 (   0 filtered)
Number of infos    :    1 (   0 filtered)

