Command line:
   full_adder_sch_full_adder_sch_sch_tb_isim_beh.exe
     -simmode  gui
     -simrunnum  0
     -socket  58389

Wed Jan 17 15:35:52 2024


 Elaboration Time: 0.01 sec

 Current Memory Usage: 185.315 Meg

 Total Signals          : 43
 Total Nets             : 22
 Total Signal Drivers   : 14
 Total Blocks           : 9
 Total Primitive Blocks : 7
 Total Processes        : 17
 Total Traceable Variables  : 21
 Total Scalar Nets and Variables : 105
Total Line Count : 28

 Total Simulation Time: 0.04 sec

 Current Memory Usage: 260.817 Meg

Wed Jan 17 15:37:22 2024

